****************************************
Report : timing
	-path_type full
	-delay_type min
	-max_paths 1
	-sort_by slack
Design : Johnson_count
Version: Q-2019.12-SP5
Date   : Mon Mar 13 22:07:13 2023
****************************************

Warning: There are 6 invalid start points. (UITE-416)
Warning: There are 6 invalid end points for constrained paths. (UITE-416)

  Startpoint: out_reg[7] (rising edge-triggered flip-flop clocked by clk)
  Endpoint: out_reg[0] (rising edge-triggered flip-flop clocked by clk)
  Last common pin: clk
  Path Group: clk
  Path Type: min

  Point                                    Incr       Path
  ---------------------------------------------------------------
  clock clk (rise edge)                    0.00       0.00
  clock network delay (propagated)         3.68       3.68
  out_reg[7]/CLK (SDFFARX1)                0.00       3.68 r
  out_reg[7]/QN (SDFFARX1) <-              0.20       3.89 f
  U3/Z (NBUFFX2)                           0.13       4.02 f
  out_reg[0]/D (SDFFARX1)                  0.03       4.05 f
  data arrival time                                   4.05

  clock clk (rise edge)                    0.00       0.00
  clock network delay (propagated)         3.68       3.68
  clock reconvergence pessimism            0.00       3.68
  clock uncertainty                        0.40       4.08
  out_reg[0]/CLK (SDFFARX1)                           4.08 r
  library hold time                       -0.12       3.96
  data required time                                  3.96
  ---------------------------------------------------------------
  data required time                                  3.96
  data arrival time                                  -4.05
  ---------------------------------------------------------------
  slack (MET)                                         0.09


1
